<?xml version="1.0" encoding="UTF-8"?>
<robot generator="Robot 5.0 (Python 3.10.4 on win32)" generated="20220427 23:06:12.459" rpa="false" schemaversion="3">
<suite id="s1" name="Amazon" source="C:\develompment\robotscripts\amazon\tests\Amazon.robot">
<test id="s1-t1" name="User must sign in to check out" line="8">
<kw name="Open Browser" library="SeleniumLibrary">
<arg>http://www.amazon.com</arg>
<arg>${BROWSER}</arg>
<doc>Opens a new browser instance to the optional ``url``.</doc>
<msg timestamp="20220427 23:06:12.582" level="INFO">Opening browser 'firefox' to base url 'http://www.amazon.com'.</msg>
<msg timestamp="20220427 23:06:12.583" level="INFO">Firefox driver log is always forced to to: C:\develompment\robotscripts\amazon\results\geckodriver-3.log</msg>
<status status="PASS" starttime="20220427 23:06:12.582" endtime="20220427 23:06:19.388"/>
</kw>
<kw name="Input Text" library="SeleniumLibrary">
<arg>id=twotabsearchtextbox</arg>
<arg>Ferrari 458</arg>
<doc>Types the given ``text`` into the text field identified by ``locator``.</doc>
<msg timestamp="20220427 23:06:19.388" level="INFO">Typing text 'Ferrari 458' into text field 'id=twotabsearchtextbox'.</msg>
<status status="PASS" starttime="20220427 23:06:19.388" endtime="20220427 23:06:19.522"/>
</kw>
<kw name="Click Button" library="SeleniumLibrary">
<arg>xpath=//*[@id="nav-search-submit-button"]</arg>
<doc>Clicks the button identified by ``locator``.</doc>
<msg timestamp="20220427 23:06:19.522" level="INFO">Clicking button 'xpath=//*[@id="nav-search-submit-button"]'.</msg>
<status status="PASS" starttime="20220427 23:06:19.522" endtime="20220427 23:06:21.708"/>
</kw>
<kw name="Click Link" library="SeleniumLibrary">
<arg>xpath=//*[@id="search"]/div[1]/div[1]/div/span[3]/div[2]/div[2]/div/div/div/div/div/div/div[2]/div[1]/h2/a</arg>
<doc>Clicks a link identified by ``locator``.</doc>
<msg timestamp="20220427 23:06:21.709" level="INFO">Clicking link 'xpath=//*[@id="search"]/div[1]/div[1]/div/span[3]/div[2]/div[2]/div/div/div/div/div/div/div[2]/div[1]/h2/a'.</msg>
<status status="PASS" starttime="20220427 23:06:21.708" endtime="20220427 23:06:25.272"/>
</kw>
<kw name="Go To" library="SeleniumLibrary">
<arg>http://www.amazon.com</arg>
<doc>Navigates the current browser window to the provided ``url``.</doc>
<msg timestamp="20220427 23:06:25.272" level="INFO">Opening url 'http://www.amazon.com'</msg>
<msg timestamp="20220427 23:06:25.294" level="WARN">Keyword 'Capture Page Screenshot' could not be run on failure: Message: Browsing context has been discarded
Stacktrace:
WebDriverError@chrome://remote/content/shared/webdriver/Errors.jsm:183:5
NoSuchWindowError@chrome://remote/content/shared/webdriver/Errors.jsm:437:5
assert.that/&lt;@chrome://remote/content/shared/webdriver/Assert.jsm:435:13
assert.open@chrome://remote/content/shared/webdriver/Assert.jsm:143:4
GeckoDriver.prototype.takeScreenshot@chrome://remote/content/marionette/driver.js:2180:10
despatch@chrome://remote/content/marionette/server.js:306:40
execute@chrome://remote/content/marionette/server.js:279:16
onPacket/&lt;@chrome://remote/content/marionette/server.js:252:20
onPacket@chrome://remote/content/marionette/server.js:253:9
_onJSONObjectReady/&lt;@chrome://remote/content/marionette/transport.js:500:20
</msg>
<msg timestamp="20220427 23:06:25.295" level="FAIL">NoSuchWindowException: Message: Browsing context has been discarded
Stacktrace:
WebDriverError@chrome://remote/content/shared/webdriver/Errors.jsm:183:5
NoSuchWindowError@chrome://remote/content/shared/webdriver/Errors.jsm:437:5
assert.that/&lt;@chrome://remote/content/shared/webdriver/Assert.jsm:435:13
assert.open@chrome://remote/content/shared/webdriver/Assert.jsm:143:4
GeckoDriver.prototype.navigateTo@chrome://remote/content/marionette/driver.js:784:34
despatch@chrome://remote/content/marionette/server.js:306:40
execute@chrome://remote/content/marionette/server.js:279:16
onPacket/&lt;@chrome://remote/content/marionette/server.js:252:20
onPacket@chrome://remote/content/marionette/server.js:253:9
_onJSONObjectReady/&lt;@chrome://remote/content/marionette/transport.js:500:20
</msg>
<status status="FAIL" starttime="20220427 23:06:25.272" endtime="20220427 23:06:25.296"/>
</kw>
<kw name="Click Image" library="SeleniumLibrary">
<arg>Headsets</arg>
<doc>Clicks an image identified by ``locator``.</doc>
<status status="NOT RUN" starttime="20220427 23:06:25.297" endtime="20220427 23:06:25.297"/>
</kw>
<kw name="Sleep" library="BuiltIn">
<arg>3s</arg>
<doc>Pauses the test executed for the given time.</doc>
<status status="NOT RUN" starttime="20220427 23:06:25.297" endtime="20220427 23:06:25.297"/>
</kw>
<doc>This is some basic information about the test</doc>
<tag>Smoke</tag>
<status status="FAIL" starttime="20220427 23:06:12.582" endtime="20220427 23:06:25.297">NoSuchWindowException: Message: Browsing context has been discarded
Stacktrace:
WebDriverError@chrome://remote/content/shared/webdriver/Errors.jsm:183:5
NoSuchWindowError@chrome://remote/content/shared/webdriver/Errors.jsm:437:5
assert.that/&lt;@chrome://remote/content/shared/webdriver/Assert.jsm:435:13
assert.open@chrome://remote/content/shared/webdriver/Assert.jsm:143:4
GeckoDriver.prototype.navigateTo@chrome://remote/content/marionette/driver.js:784:34
despatch@chrome://remote/content/marionette/server.js:306:40
execute@chrome://remote/content/marionette/server.js:279:16
onPacket/&lt;@chrome://remote/content/marionette/server.js:252:20
onPacket@chrome://remote/content/marionette/server.js:253:9
_onJSONObjectReady/&lt;@chrome://remote/content/marionette/transport.js:500:20
</status>
</test>
<doc>This is some basic informations about the whole suite</doc>
<status status="FAIL" starttime="20220427 23:06:12.460" endtime="20220427 23:06:25.298"/>
</suite>
<statistics>
<total>
<stat pass="0" fail="1" skip="0">All Tests</stat>
</total>
<tag>
<stat pass="0" fail="1" skip="0">Smoke</stat>
</tag>
<suite>
<stat pass="0" fail="1" skip="0" id="s1" name="Amazon">Amazon</stat>
</suite>
</statistics>
<errors>
<msg timestamp="20220427 23:06:25.294" level="WARN">Keyword 'Capture Page Screenshot' could not be run on failure: Message: Browsing context has been discarded
Stacktrace:
WebDriverError@chrome://remote/content/shared/webdriver/Errors.jsm:183:5
NoSuchWindowError@chrome://remote/content/shared/webdriver/Errors.jsm:437:5
assert.that/&lt;@chrome://remote/content/shared/webdriver/Assert.jsm:435:13
assert.open@chrome://remote/content/shared/webdriver/Assert.jsm:143:4
GeckoDriver.prototype.takeScreenshot@chrome://remote/content/marionette/driver.js:2180:10
despatch@chrome://remote/content/marionette/server.js:306:40
execute@chrome://remote/content/marionette/server.js:279:16
onPacket/&lt;@chrome://remote/content/marionette/server.js:252:20
onPacket@chrome://remote/content/marionette/server.js:253:9
_onJSONObjectReady/&lt;@chrome://remote/content/marionette/transport.js:500:20
</msg>
</errors>
</robot>
